<?xml version="1.0" encoding="UTF-8"?>
<testsuite name="LoginGLA" tests="1" skipped="0" failures="0" errors="0" timestamp="2020-08-18T18:15:07" hostname="MacBook-Pro-de-administrador.local" time="16.88">
  <properties/>
  <testcase name="Login Exitoso" classname="LoginGLA" time="16.88"/>
  <system-out><![CDATA[Bienvenido(a) : admin
]]></system-out>
  <system-err><![CDATA[[Test worker] INFO net.thucydides.core.steps.ConsoleLoggingListener - STARTING STEP Given El administrador abre la aplicacion
[Test worker] INFO net.thucydides.core.steps.ConsoleLoggingListener - STARTING STEP Admin opens the http://pragmacero01:8017/
ago 18, 2020 1:15:07 PM org.openqa.selenium.remote.DesiredCapabilities chrome
INFORMACIÓN: Using `new ChromeOptions()` is preferred to `DesiredCapabilities.chrome()`
[Test worker] INFO net.serenitybdd.core.webdriver.driverproviders.ProvideNewDriver - Instantiating driver
[Test worker] INFO net.serenitybdd.core.webdriver.driverproviders.ProvideNewDriver - Driver capabilities: Capabilities {acceptInsecureCerts: false, browserName: chrome, chrome.switches: --incognito,--start-maximized, goog:chromeOptions: {args: [--incognito, --start-maximized, --enable-automation, --test-type], extensions: []}, platform: ANY, version: }
Starting ChromeDriver 83.0.4103.39 (ccbf011cb2d2b19b506d844400483861342c20cd-refs/branch-heads/4103@{#416}) on port 24507
Only local connections are allowed.
Please see https://chromedriver.chromium.org/security-considerations for suggestions on keeping ChromeDriver safe.
[1597774507.816][WARNING]: FromSockAddr failed on netmask
ChromeDriver was started successfully.
[1597774508.845][WARNING]: This version of ChromeDriver has not been tested with Chrome version 84.
ago 18, 2020 1:15:08 PM org.openqa.selenium.remote.ProtocolHandshake createSession
INFORMACIÓN: Detected dialect: W3C
[Test worker] INFO net.thucydides.core.steps.ConsoleLoggingListener - FINISHING STEP
[Test worker] INFO net.thucydides.core.steps.ConsoleLoggingListener - FINISHING STEP
[Test worker] INFO net.thucydides.core.steps.ConsoleLoggingListener - STARTING STEP When Ingreso admin y admin
[Test worker] INFO net.thucydides.core.steps.ConsoleLoggingListener - STARTING STEP Admin login task
[Test worker] INFO net.thucydides.core.steps.ConsoleLoggingListener - STARTING STEP Admin enters 'admin' into Ingresa su usuario
[Test worker] INFO net.thucydides.core.steps.ConsoleLoggingListener - FINISHING STEP
[Test worker] INFO net.thucydides.core.steps.ConsoleLoggingListener - STARTING STEP Admin enters 'admin' into Ingresa su clave
[Test worker] INFO net.thucydides.core.steps.ConsoleLoggingListener - FINISHING STEP
[Test worker] INFO net.thucydides.core.steps.ConsoleLoggingListener - STARTING STEP Admin clicks on Presiona el botón iniciar sesión
[Test worker] INFO net.thucydides.core.steps.ConsoleLoggingListener - FINISHING STEP
[Test worker] INFO net.thucydides.core.steps.ConsoleLoggingListener - FINISHING STEP
[Test worker] INFO net.thucydides.core.steps.ConsoleLoggingListener - FINISHING STEP
[Test worker] INFO net.thucydides.core.steps.ConsoleLoggingListener - STARTING STEP Then Debo ver mi nombre de usuario admin
[Test worker] INFO net.thucydides.core.steps.ConsoleLoggingListener - STARTING STEP Then login question should be (true)
[Test worker] INFO net.thucydides.core.steps.ConsoleLoggingListener - FINISHING STEP
[Test worker] INFO net.thucydides.core.steps.ConsoleLoggingListener - FINISHING STEP
[Test worker] INFO net.thucydides.core.steps.ConsoleLoggingListener - FINISHING STEP
[Test worker] INFO net.thucydides.core.steps.ConsoleLoggingListener - ?[92m
        __    _____ _____ ____ _____   ____   _    ____  ____  _____ ____  
  _     \ \  |_   _| ____/ ___|_   _| |  _ \ / \  / ___|/ ___|| ____|  _ \ 
 (_)_____| |   | | |  _| \___ \ | |   | |_) / _ \ \___ \\___ \|  _| | | | |
  _|_____| |   | | | |___ ___) || |   |  __/ ___ \ ___) |___) | |___| |_| |
 (_)     | |   |_| |_____|____/ |_|   |_| /_/   \_\____/|____/|_____|____/ 
        /_/                                                                

TEST PASSED: Login Exitoso
----------------------------------------------------------------------------?[0m
]]></system-err>
</testsuite>
